2023-07-11 19:38:06,054 DEBUG client.py Вызвана функция create_arg_parser с параметрами (),{}Из модуля __main__Из функции main()
2023-07-11 19:38:06,057 INFO client.py Запущен клиент с парамертами: адрес сервера: 127.0.0.1, порт: 7777, режим работы: test3
2023-07-11 19:38:06,058 DEBUG client.py Вызвана функция create_arg_parser с параметрами (),{}Из модуля __main__Из функции main()
2023-07-11 19:38:06,058 DEBUG client.py Сформировано presence сообщение для пользователя test3
2023-07-11 19:38:06,059 DEBUG client.py Вызвана функция create_presence с параметрами ('test3',),{}Из модуля __main__Из функции main()
2023-07-11 19:38:06,061 INFO client.py Запущен клиент с парамертами: адрес сервера: 127.0.0.1, порт: 7777, режим работы: test1
2023-07-11 19:38:06,062 DEBUG client.py Сформировано presence сообщение для пользователя test1
2023-07-11 19:38:06,063 DEBUG client.py Вызвана функция create_presence с параметрами ('test1',),{}Из модуля __main__Из функции main()
2023-07-11 19:38:06,063 DEBUG client.py Разбор сообщения от сервера: {'response': 200}
2023-07-11 19:38:06,064 DEBUG client.py Вызвана функция process_ans с параметрами ({'response': 200},),{}Из модуля __main__Из функции main()
2023-07-11 19:38:06,064 INFO client.py Принят ответ от сервера 200 : OK
2023-07-11 19:38:06,065 DEBUG client.py Вызвана функция create_arg_parser с параметрами (),{}Из модуля __main__Из функции main()
2023-07-11 19:38:06,106 INFO client.py Запущен клиент с парамертами: адрес сервера: 127.0.0.1, порт: 7777, режим работы: test2
2023-07-11 19:38:06,108 DEBUG client.py Запущены процессы
2023-07-11 19:38:06,109 DEBUG client.py Сформировано presence сообщение для пользователя test2
2023-07-11 19:38:06,110 DEBUG client.py Разбор сообщения от сервера: {'response': 200}
2023-07-11 19:38:06,110 DEBUG client.py Вызвана функция create_presence с параметрами ('test2',),{}Из модуля __main__Из функции main()
2023-07-11 19:38:06,110 DEBUG client.py Вызвана функция process_ans с параметрами ({'response': 200},),{}Из модуля __main__Из функции main()
2023-07-11 19:38:06,111 INFO client.py Принят ответ от сервера 200 : OK
2023-07-11 19:38:06,115 DEBUG client.py Запущены процессы
2023-07-11 19:38:06,610 DEBUG client.py Разбор сообщения от сервера: {'response': 200}
2023-07-11 19:38:06,610 DEBUG client.py Вызвана функция process_ans с параметрами ({'response': 200},),{}Из модуля __main__Из функции main()
2023-07-11 19:38:06,610 INFO client.py Принят ответ от сервера 200 : OK
2023-07-11 19:38:06,613 DEBUG client.py Запущены процессы
2023-07-11 19:38:29,107 DEBUG client.py Сформирован словарь сообщения: {'action': 'message', 'from': 'test3', 'to': 'test1', 'time': 1689082709.107442, 'mess_text': 'Привет'}
2023-07-11 19:38:29,108 INFO client.py Отправлено сообщение для пользователя test1
2023-07-11 19:38:29,135 INFO client.py Получено сообщение от пользователя test3:
Привет
2023-07-11 19:39:16,074 DEBUG client.py Сформирован словарь сообщения: {'action': 'message', 'from': 'test1', 'to': 'test3', 'time': 1689082756.0745158, 'mess_text': 'Как дела?'}
2023-07-11 19:39:16,075 INFO client.py Отправлено сообщение для пользователя test3
2023-07-11 19:39:16,178 INFO client.py Получено сообщение от пользователя test1:
Как дела?
2023-07-11 19:39:59,647 DEBUG client.py Сформирован словарь сообщения: {'action': 'message', 'from': 'test1', 'to': 'test2', 'time': 1689082799.6478229, 'mess_text': 'Что нового?'}
2023-07-11 19:39:59,647 INFO client.py Отправлено сообщение для пользователя test2
2023-07-11 19:39:59,718 INFO client.py Получено сообщение от пользователя test1:
Что нового?
2023-07-11 19:41:00,966 DEBUG client.py Сформирован словарь сообщения: {'action': 'message', 'from': 'test2', 'to': 'test1', 'time': 1689082860.966382, 'mess_text': 'Все хорошо!'}
2023-07-11 19:41:00,967 INFO client.py Отправлено сообщение для пользователя test1
2023-07-11 19:41:41,840 DEBUG client.py Сформирован словарь сообщения: {'action': 'message', 'from': 'test2', 'to': 'test3', 'time': 1689082901.8407671, 'mess_text': 'Привет'}
2023-07-11 19:41:41,840 INFO client.py Отправлено сообщение для пользователя test3
2023-07-11 19:41:42,320 INFO client.py Получено сообщение от пользователя test2:
Привет
2023-07-25 15:07:28,463 DEBUG client.py Была вызвана функция arg_parser c параметрами () , {}. Вызов из модуля __main__
2023-07-25 15:07:36,274 INFO client.py Запущен клиент с парамертами: адрес сервера: 127.0.0.1 , порт: 7777, имя пользователя: Vic
2023-07-25 15:07:36,675 INFO transport.py Попытка подключения №1
2023-07-25 15:07:38,690 INFO transport.py Попытка подключения №2
2023-07-25 15:07:40,712 INFO transport.py Попытка подключения №3
2023-07-25 15:07:42,715 INFO transport.py Попытка подключения №4
2023-07-25 15:07:44,726 INFO transport.py Попытка подключения №5
2023-07-25 15:07:46,730 CRITICAL transport.py Не удалось установить соединение с сервером
2023-07-25 15:09:03,393 DEBUG client.py Была вызвана функция arg_parser c параметрами () , {}. Вызов из модуля __main__
2023-07-25 15:09:09,170 INFO client.py Запущен клиент с парамертами: адрес сервера: 127.0.0.1 , порт: 7777, имя пользователя: Vic
2023-07-25 15:09:09,223 INFO transport.py Попытка подключения №1
2023-07-25 15:09:09,224 DEBUG transport.py Установлено соединение с сервером
2023-07-25 15:09:09,224 DEBUG transport.py Сформировано presence сообщение для пользователя Vic
2023-07-25 15:09:09,768 DEBUG transport.py Разбор сообщения от сервера: {'response': 200}
2023-07-25 15:09:09,768 INFO transport.py Соединение с сервером успешно установлено.
2023-07-25 15:09:09,768 DEBUG transport.py Запрос списка известных пользователей Vic
2023-07-25 15:09:10,311 DEBUG transport.py Запрос контакт листа для пользователся Thread-1
2023-07-25 15:09:10,311 DEBUG transport.py Сформирован запрос {'action': 'get_contacts', 'time': 1690276150.3110118, 'user': 'Vic'}
2023-07-25 15:09:10,792 DEBUG transport.py Получен ответ {'response': 202, 'data_list': []}
2023-07-25 15:09:10,793 DEBUG transport.py Запущен процесс - приёмник собщений с сервера.
2023-07-25 15:10:10,111 DEBUG client.py Была вызвана функция arg_parser c параметрами () , {}. Вызов из модуля __main__
2023-07-25 15:10:18,502 INFO client.py Запущен клиент с парамертами: адрес сервера: 127.0.0.1 , порт: 7777, имя пользователя: test1
2023-07-25 15:10:18,610 INFO transport.py Попытка подключения №1
2023-07-25 15:10:18,611 DEBUG transport.py Установлено соединение с сервером
2023-07-25 15:10:18,611 DEBUG transport.py Сформировано presence сообщение для пользователя test1
2023-07-25 15:10:19,182 DEBUG transport.py Разбор сообщения от сервера: {'response': 200}
2023-07-25 15:10:19,182 INFO transport.py Соединение с сервером успешно установлено.
2023-07-25 15:10:19,183 DEBUG transport.py Запрос списка известных пользователей test1
2023-07-25 15:10:19,700 DEBUG transport.py Запрос контакт листа для пользователся Thread-1
2023-07-25 15:10:19,700 DEBUG transport.py Сформирован запрос {'action': 'get_contacts', 'time': 1690276219.700108, 'user': 'test1'}
2023-07-25 15:10:20,187 DEBUG transport.py Получен ответ {'response': 202, 'data_list': []}
2023-07-25 15:10:20,188 DEBUG transport.py Запущен процесс - приёмник собщений с сервера.
2023-07-25 15:10:25,637 DEBUG transport.py Создание контакта Vic
2023-07-25 15:10:25,714 DEBUG transport.py Разбор сообщения от сервера: {'response': 200}
2023-07-25 15:10:25,729 INFO main_window.py Успешно добавлен контакт <PyQt5.QtGui.QStandardItem object at 0x000001D58308C318>
2023-07-25 15:10:32,949 DEBUG transport.py Удаление контакта Vic
2023-07-25 15:10:33,254 DEBUG transport.py Разбор сообщения от сервера: {'response': 200}
2023-07-25 15:10:33,260 INFO main_window.py Успешно удалён контакт Vic
2023-07-25 15:10:37,101 DEBUG transport.py Создание контакта Vic
2023-07-25 15:10:37,284 DEBUG transport.py Разбор сообщения от сервера: {'response': 200}
2023-07-25 15:10:37,300 INFO main_window.py Успешно добавлен контакт <PyQt5.QtGui.QStandardItem object at 0x000001D58308CDC8>
2023-07-25 15:12:02,259 DEBUG client.py Была вызвана функция arg_parser c параметрами () , {}. Вызов из модуля __main__
2023-07-25 15:12:07,902 INFO client.py Запущен клиент с парамертами: адрес сервера: 127.0.0.1 , порт: 7777, имя пользователя: Vic
2023-07-25 15:12:08,182 INFO transport.py Попытка подключения №1
2023-07-25 15:12:08,183 DEBUG transport.py Установлено соединение с сервером
2023-07-25 15:12:08,183 DEBUG transport.py Сформировано presence сообщение для пользователя Vic
2023-07-25 15:12:08,306 DEBUG transport.py Разбор сообщения от сервера: {'response': 200}
2023-07-25 15:12:08,306 INFO transport.py Соединение с сервером успешно установлено.
2023-07-25 15:12:08,306 DEBUG transport.py Запрос списка известных пользователей Vic
2023-07-25 15:12:08,916 DEBUG transport.py Запрос контакт листа для пользователся Thread-1
2023-07-25 15:12:08,916 DEBUG transport.py Сформирован запрос {'action': 'get_contacts', 'time': 1690276328.9160712, 'user': 'Vic'}
2023-07-25 15:12:09,395 DEBUG transport.py Получен ответ {'response': 202, 'data_list': []}
2023-07-25 15:12:09,412 DEBUG transport.py Запущен процесс - приёмник собщений с сервера.
2023-07-25 15:12:37,954 DEBUG transport.py Транспорт завершает работу.
2023-07-25 15:12:44,889 DEBUG client.py Была вызвана функция arg_parser c параметрами () , {}. Вызов из модуля __main__
2023-07-25 15:12:51,057 INFO client.py Запущен клиент с парамертами: адрес сервера: 127.0.0.1 , порт: 7777, имя пользователя: test1
2023-07-25 15:12:51,108 INFO transport.py Попытка подключения №1
2023-07-25 15:12:51,109 DEBUG transport.py Установлено соединение с сервером
2023-07-25 15:12:51,109 DEBUG transport.py Сформировано presence сообщение для пользователя test1
2023-07-25 15:12:51,718 DEBUG transport.py Разбор сообщения от сервера: {'response': 200}
2023-07-25 15:12:51,719 INFO transport.py Соединение с сервером успешно установлено.
2023-07-25 15:12:51,719 DEBUG transport.py Запрос списка известных пользователей test1
2023-07-25 15:12:52,221 DEBUG transport.py Запрос контакт листа для пользователся Thread-1
2023-07-25 15:12:52,221 DEBUG transport.py Сформирован запрос {'action': 'get_contacts', 'time': 1690276372.2212234, 'user': 'test1'}
2023-07-25 15:12:52,708 DEBUG transport.py Получен ответ {'response': 202, 'data_list': []}
2023-07-25 15:12:52,709 DEBUG transport.py Запущен процесс - приёмник собщений с сервера.
2023-07-25 15:12:58,875 DEBUG transport.py Создание контакта Vic
2023-07-25 15:12:59,234 DEBUG transport.py Разбор сообщения от сервера: {'response': 200}
2023-07-25 15:12:59,250 INFO main_window.py Успешно добавлен контакт <PyQt5.QtGui.QStandardItem object at 0x000001CEBBDA2318>
2023-07-25 15:13:46,862 DEBUG client.py Была вызвана функция arg_parser c параметрами () , {}. Вызов из модуля __main__
2023-07-25 15:13:53,180 INFO client.py Запущен клиент с парамертами: адрес сервера: 127.0.0.1 , порт: 7777, имя пользователя: Vic
2023-07-25 15:13:53,249 INFO transport.py Попытка подключения №1
2023-07-25 15:13:53,250 DEBUG transport.py Установлено соединение с сервером
2023-07-25 15:13:53,250 DEBUG transport.py Сформировано presence сообщение для пользователя Vic
2023-07-25 15:13:53,276 DEBUG transport.py Разбор сообщения от сервера: {'response': 200}
2023-07-25 15:13:53,276 INFO transport.py Соединение с сервером успешно установлено.
2023-07-25 15:13:53,276 DEBUG transport.py Запрос списка известных пользователей Vic
2023-07-25 15:13:53,815 DEBUG transport.py Запрос контакт листа для пользователся Thread-1
2023-07-25 15:13:53,815 DEBUG transport.py Сформирован запрос {'action': 'get_contacts', 'time': 1690276433.815556, 'user': 'Vic'}
2023-07-25 15:13:54,358 DEBUG transport.py Получен ответ {'response': 202, 'data_list': []}
2023-07-25 15:13:54,361 DEBUG transport.py Запущен процесс - приёмник собщений с сервера.
2023-07-25 15:14:00,838 DEBUG transport.py Создание контакта test1
2023-07-25 15:14:00,884 DEBUG transport.py Разбор сообщения от сервера: {'response': 200}
2023-07-25 15:14:00,900 INFO main_window.py Успешно добавлен контакт <PyQt5.QtGui.QStandardItem object at 0x0000025ED7832318>
2023-07-25 15:25:28,407 DEBUG transport.py Сформирован словарь сообщения: {'action': 'message', 'from': 'Vic', 'to': 'test1', 'time': 1690277128.4075081, 'mess_text': 'Привет'}
2023-07-25 15:25:28,611 DEBUG transport.py Разбор сообщения от сервера: {'response': 400, 'error': 'Пользователь не зарегистрирован на сервере.'}
2023-07-25 15:30:51,695 DEBUG client.py Была вызвана функция arg_parser c параметрами () , {}. Вызов из модуля __main__
