2023-07-11 19:38:06,054 DEBUG client.py Вызвана функция create_arg_parser с параметрами (),{}Из модуля __main__Из функции main()
2023-07-11 19:38:06,057 INFO client.py Запущен клиент с парамертами: адрес сервера: 127.0.0.1, порт: 7777, режим работы: test3
2023-07-11 19:38:06,058 DEBUG client.py Вызвана функция create_arg_parser с параметрами (),{}Из модуля __main__Из функции main()
2023-07-11 19:38:06,058 DEBUG client.py Сформировано presence сообщение для пользователя test3
2023-07-11 19:38:06,059 DEBUG client.py Вызвана функция create_presence с параметрами ('test3',),{}Из модуля __main__Из функции main()
2023-07-11 19:38:06,061 INFO client.py Запущен клиент с парамертами: адрес сервера: 127.0.0.1, порт: 7777, режим работы: test1
2023-07-11 19:38:06,062 DEBUG client.py Сформировано presence сообщение для пользователя test1
2023-07-11 19:38:06,063 DEBUG client.py Вызвана функция create_presence с параметрами ('test1',),{}Из модуля __main__Из функции main()
2023-07-11 19:38:06,063 DEBUG client.py Разбор сообщения от сервера: {'response': 200}
2023-07-11 19:38:06,064 DEBUG client.py Вызвана функция process_ans с параметрами ({'response': 200},),{}Из модуля __main__Из функции main()
2023-07-11 19:38:06,064 INFO client.py Принят ответ от сервера 200 : OK
2023-07-11 19:38:06,065 DEBUG client.py Вызвана функция create_arg_parser с параметрами (),{}Из модуля __main__Из функции main()
2023-07-11 19:38:06,106 INFO client.py Запущен клиент с парамертами: адрес сервера: 127.0.0.1, порт: 7777, режим работы: test2
2023-07-11 19:38:06,108 DEBUG client.py Запущены процессы
2023-07-11 19:38:06,109 DEBUG client.py Сформировано presence сообщение для пользователя test2
2023-07-11 19:38:06,110 DEBUG client.py Разбор сообщения от сервера: {'response': 200}
2023-07-11 19:38:06,110 DEBUG client.py Вызвана функция create_presence с параметрами ('test2',),{}Из модуля __main__Из функции main()
2023-07-11 19:38:06,110 DEBUG client.py Вызвана функция process_ans с параметрами ({'response': 200},),{}Из модуля __main__Из функции main()
2023-07-11 19:38:06,111 INFO client.py Принят ответ от сервера 200 : OK
2023-07-11 19:38:06,115 DEBUG client.py Запущены процессы
2023-07-11 19:38:06,610 DEBUG client.py Разбор сообщения от сервера: {'response': 200}
2023-07-11 19:38:06,610 DEBUG client.py Вызвана функция process_ans с параметрами ({'response': 200},),{}Из модуля __main__Из функции main()
2023-07-11 19:38:06,610 INFO client.py Принят ответ от сервера 200 : OK
2023-07-11 19:38:06,613 DEBUG client.py Запущены процессы
2023-07-11 19:38:29,107 DEBUG client.py Сформирован словарь сообщения: {'action': 'message', 'from': 'test3', 'to': 'test1', 'time': 1689082709.107442, 'mess_text': 'Привет'}
2023-07-11 19:38:29,108 INFO client.py Отправлено сообщение для пользователя test1
2023-07-11 19:38:29,135 INFO client.py Получено сообщение от пользователя test3:
Привет
2023-07-11 19:39:16,074 DEBUG client.py Сформирован словарь сообщения: {'action': 'message', 'from': 'test1', 'to': 'test3', 'time': 1689082756.0745158, 'mess_text': 'Как дела?'}
2023-07-11 19:39:16,075 INFO client.py Отправлено сообщение для пользователя test3
2023-07-11 19:39:16,178 INFO client.py Получено сообщение от пользователя test1:
Как дела?
2023-07-11 19:39:59,647 DEBUG client.py Сформирован словарь сообщения: {'action': 'message', 'from': 'test1', 'to': 'test2', 'time': 1689082799.6478229, 'mess_text': 'Что нового?'}
2023-07-11 19:39:59,647 INFO client.py Отправлено сообщение для пользователя test2
2023-07-11 19:39:59,718 INFO client.py Получено сообщение от пользователя test1:
Что нового?
2023-07-11 19:41:00,966 DEBUG client.py Сформирован словарь сообщения: {'action': 'message', 'from': 'test2', 'to': 'test1', 'time': 1689082860.966382, 'mess_text': 'Все хорошо!'}
2023-07-11 19:41:00,967 INFO client.py Отправлено сообщение для пользователя test1
2023-07-11 19:41:41,840 DEBUG client.py Сформирован словарь сообщения: {'action': 'message', 'from': 'test2', 'to': 'test3', 'time': 1689082901.8407671, 'mess_text': 'Привет'}
2023-07-11 19:41:41,840 INFO client.py Отправлено сообщение для пользователя test3
2023-07-11 19:41:42,320 INFO client.py Получено сообщение от пользователя test2:
Привет
