2023-07-28 20:22:38,213 DEBUG client.py Была вызвана функция arg_parser c параметрами () , {}. Вызов из модуля __main__
2023-07-28 20:22:38,214 DEBUG client.py Была вызвана функция arg_parser c параметрами () , {}. Вызов из модуля __main__
2023-07-28 20:22:38,216 DEBUG client.py Args loaded
2023-07-28 20:22:38,761 INFO client.py Запущен клиент с парамертами: адрес сервера: 127.0.0.1 , порт: 7777, имя пользователя: test2
2023-07-28 20:22:38,790 INFO client.py Запущен клиент с парамертами: адрес сервера: 127.0.0.1 , порт: 7777, имя пользователя: test1
2023-07-28 20:22:38,919 DEBUG client.py Keys sucsessfully loaded.
2023-07-28 20:22:38,987 DEBUG client.py Keys sucsessfully loaded.
2023-07-28 20:22:39,009 INFO transport.py Попытка подключения №1
2023-07-28 20:22:39,009 DEBUG transport.py Connection established.
2023-07-28 20:22:39,010 DEBUG transport.py Установлено соединение с сервером
2023-07-28 20:22:39,027 DEBUG transport.py Passwd hash ready: b'6c95daf460f03d00239959faac8387d157dafbe382cd684426a295cd37fbcb0e4d874cae7b07017717c8acaff862f6241d4eaeea2366f6a7b5076a8c72035cd6'
2023-07-28 20:22:39,036 DEBUG transport.py Presense message = {'action': 'presence', 'time': 1690554159.0364084, 'user': {'account_name': 'test2', 'pubkey': '-----BEGIN PUBLIC KEY-----\nMIIBIjANBgkqhkiG9w0BAQEFAAOCAQ8AMIIBCgKCAQEAtFjTsK5TmEo+mB6hhiia\n8ay0Eg4LpC+fZ5/1C2ZxtBTeRzIfgCRfpl+Sc/jo1WMx9nn8UDIoHUstGEbkI8S/\nz7/nE6a1GglMfbSwRvQNu/G9NQP91rPDD7iU2PqpgCrn5gbvHCP96Ft1AxoVK3m3\n+feFbOhPKKgVZTqj479BmMHnQb0nEk+XlqrAcl5kEcK+ovsV5HFrnK+g71N3uGuu\neCULSK+hTZ7xAfFBjZuXxNI+bKeS0RkhUmc1WNpke4RVj3bNWvetoupNov66y9QT\n3AtyDpnHXyFzhOmeT0FcpJKtfRM7ObvZM0JT7XdeIQrzqnve7ZeJwRR1oQRksc5X\n/QIDAQAB\n-----END PUBLIC KEY-----'}}
2023-07-28 20:22:39,084 INFO transport.py Попытка подключения №1
2023-07-28 20:22:39,084 DEBUG transport.py Connection established.
2023-07-28 20:22:39,084 DEBUG transport.py Установлено соединение с сервером
2023-07-28 20:22:39,092 DEBUG transport.py Server response = {'response': 511, 'bin': 'fd35ae4bceed1d766091c1f17c7fb816056282fbc4431a79bf8a3851b6546b4962d9406d5ea507686c5bc954f84d951df17f6a698fb70c2fd7a436ad0cd2698b'}.
2023-07-28 20:22:39,093 DEBUG transport.py Разбор сообщения от сервера: {'response': 200}
2023-07-28 20:22:39,093 DEBUG transport.py Запрос списка известных пользователей test2
2023-07-28 20:22:39,105 DEBUG transport.py Passwd hash ready: b'49b70501d4d72ff5522a79cf779df86656a057282ac9ab564efb80fcba4fbc484bedcf52b3fb233d9b7b91337becc542ec3256a0269deddfedbce7275f44a781'
2023-07-28 20:22:39,106 DEBUG transport.py Presense message = {'action': 'presence', 'time': 1690554159.1067092, 'user': {'account_name': 'test1', 'pubkey': '-----BEGIN PUBLIC KEY-----\nMIIBIjANBgkqhkiG9w0BAQEFAAOCAQ8AMIIBCgKCAQEA18dZuLHe3dQGByZOIFg5\n2uGMRQeSYqA0HwPSTn9i5wCTTRW51bstb07NXqHnUhGzVG7LpC6WhvNgHvPNYdyc\nC94XlC1bfdjwYU2QOvV42bMr+GdEwjuPGvIPbgBD+OUPQkJBTlnuf4sO1NpXhEgS\nvL+BXONCP9vklAJPvW67IrwP59qz2v4qKeFC9Bnjaa5ovbDlxEzAbF9Q4fJuT0rg\njKwPT4o2+pkDln/ear70XPLaMPLzHMaQB1KBsU53PiZEIiJi6uIlguK8YQwjcFbh\nBtar3j8CiTSUKFZ+0ilhh41u8WnN9C9hjK0QESZMM/JIRXf8EFH5A4iBSEDzHGYg\n9wIDAQAB\n-----END PUBLIC KEY-----'}}
2023-07-28 20:22:39,622 DEBUG transport.py Server response = {'response': 511, 'bin': '6d451b2e32c1d1db371a9a1912acb6f624ef3cf1b3ddb42e23b139eaab026f9a318a87f48f7fdf19e124624b40632327b311f3588ed0689a3f2321d1b325de34'}.
2023-07-28 20:22:39,623 DEBUG transport.py Разбор сообщения от сервера: {'response': 200}
2023-07-28 20:22:39,623 DEBUG transport.py Запрос списка известных пользователей test1
2023-07-28 20:22:39,643 DEBUG transport.py Запрос контакт листа для пользователся Thread-1
2023-07-28 20:22:39,643 DEBUG transport.py Сформирован запрос {'action': 'get_contacts', 'time': 1690554159.6436398, 'user': 'test2'}
2023-07-28 20:22:40,148 DEBUG transport.py Получен ответ {'response': 202, 'data_list': ['test1']}
2023-07-28 20:22:40,170 DEBUG client.py Transport ready.
2023-07-28 20:22:40,171 DEBUG transport.py Запущен процесс - приёмник собщений с сервера.
2023-07-28 20:22:40,181 DEBUG transport.py Запрос контакт листа для пользователся Thread-1
2023-07-28 20:22:40,181 DEBUG transport.py Сформирован запрос {'action': 'get_contacts', 'time': 1690554160.1810682, 'user': 'test1'}
2023-07-28 20:22:40,654 DEBUG transport.py Получен ответ {'response': 202, 'data_list': ['test2']}
2023-07-28 20:22:40,670 DEBUG client.py Transport ready.
2023-07-28 20:22:40,671 DEBUG transport.py Запущен процесс - приёмник собщений с сервера.
2023-07-28 20:22:42,478 DEBUG transport.py Запрос публичного ключа для test1
2023-07-28 20:22:42,660 DEBUG main_window.py Загружен открытый ключ для test1
2023-07-28 20:22:59,179 DEBUG transport.py Запрос публичного ключа для test1
2023-07-28 20:22:59,681 DEBUG main_window.py Загружен открытый ключ для test1
2023-07-28 20:23:21,621 DEBUG transport.py Сформирован словарь сообщения: {'action': 'message', 'from': 'test2', 'to': 'test1', 'time': 1690554201.6214643, 'mess_text': 'SRQv9FRjfSEktLNZob9QcAAgSblmacpKk0COSQwL+1cw6EA85wYXxhrHXgq3jXy9V3TAF3USHR0++rbIoGGj4MFCc8xUtHpkrd+DJgBMG9pAkInvV6z0WTGw7AOA8D/jfwcBzIKd/jB0S9L3arahhSRywyaDS7DnanLwWrkIhJgKoIZC1nhs77bzs3wB84VutjrbBFuRimQTxvGmSEhyflvDzW5OJtZ19XQFHBme019836sz7nTJ+Kn3YYV/ddQeQnvuOcueXdte+9RHaFrYtrs9C1Q/U2K78jA6gs1A8+432BihlAk1UtIJ73I2YDlxqlP9sdB6PgMvaRVX0BCwjQ=='}
2023-07-28 20:23:21,727 DEBUG transport.py Разбор сообщения от сервера: {'response': 200}
2023-07-28 20:23:21,727 INFO transport.py Отправлено сообщение для пользователя test1
2023-07-28 20:23:21,742 DEBUG main_window.py Отправлено сообщение для test1: Привет!

2023-07-28 20:23:22,227 DEBUG transport.py Принято сообщение с сервера: {'action': 'message', 'from': 'test2', 'to': 'test1', 'time': 1690554201.6214643, 'mess_text': 'SRQv9FRjfSEktLNZob9QcAAgSblmacpKk0COSQwL+1cw6EA85wYXxhrHXgq3jXy9V3TAF3USHR0++rbIoGGj4MFCc8xUtHpkrd+DJgBMG9pAkInvV6z0WTGw7AOA8D/jfwcBzIKd/jB0S9L3arahhSRywyaDS7DnanLwWrkIhJgKoIZC1nhs77bzs3wB84VutjrbBFuRimQTxvGmSEhyflvDzW5OJtZ19XQFHBme019836sz7nTJ+Kn3YYV/ddQeQnvuOcueXdte+9RHaFrYtrs9C1Q/U2K78jA6gs1A8+432BihlAk1UtIJ73I2YDlxqlP9sdB6PgMvaRVX0BCwjQ=='}
2023-07-28 20:23:22,227 DEBUG transport.py Разбор сообщения от сервера: {'action': 'message', 'from': 'test2', 'to': 'test1', 'time': 1690554201.6214643, 'mess_text': 'SRQv9FRjfSEktLNZob9QcAAgSblmacpKk0COSQwL+1cw6EA85wYXxhrHXgq3jXy9V3TAF3USHR0++rbIoGGj4MFCc8xUtHpkrd+DJgBMG9pAkInvV6z0WTGw7AOA8D/jfwcBzIKd/jB0S9L3arahhSRywyaDS7DnanLwWrkIhJgKoIZC1nhs77bzs3wB84VutjrbBFuRimQTxvGmSEhyflvDzW5OJtZ19XQFHBme019836sz7nTJ+Kn3YYV/ddQeQnvuOcueXdte+9RHaFrYtrs9C1Q/U2K78jA6gs1A8+432BihlAk1UtIJ73I2YDlxqlP9sdB6PgMvaRVX0BCwjQ=='}
2023-07-28 20:23:22,227 DEBUG transport.py Получено сообщение от пользователя test2:SRQv9FRjfSEktLNZob9QcAAgSblmacpKk0COSQwL+1cw6EA85wYXxhrHXgq3jXy9V3TAF3USHR0++rbIoGGj4MFCc8xUtHpkrd+DJgBMG9pAkInvV6z0WTGw7AOA8D/jfwcBzIKd/jB0S9L3arahhSRywyaDS7DnanLwWrkIhJgKoIZC1nhs77bzs3wB84VutjrbBFuRimQTxvGmSEhyflvDzW5OJtZ19XQFHBme019836sz7nTJ+Kn3YYV/ddQeQnvuOcueXdte+9RHaFrYtrs9C1Q/U2K78jA6gs1A8+432BihlAk1UtIJ73I2YDlxqlP9sdB6PgMvaRVX0BCwjQ==
2023-07-28 20:23:26,694 DEBUG transport.py Запрос публичного ключа для test2
2023-07-28 20:23:26,734 DEBUG main_window.py Загружен открытый ключ для test2
2023-07-28 20:23:46,099 DEBUG transport.py Сформирован словарь сообщения: {'action': 'message', 'from': 'test1', 'to': 'test2', 'time': 1690554226.099951, 'mess_text': 'JnONN8i6nHiYjTJ8j4PmN9HLl+PLHgeinpMA7Z/hB6i+84zCMDI+TcOLGfaCNQHD0DM/7vd04KNapJwCUq2VmryCU714ZH+3c5WOogWinjhWdCaw2PauYmo8BV6W5rfHszA9+eUZ6o7WCUUKRkVc32e0x3P2vc3Jlc2dyyKzlHcBMnKqjoqiSPpnok3fURScc59ABG6kzOW36CrCdSqugdHWYu2NHVDLf9ptA+WTB5t9VzLLKrU9+XCK1iDyDB+AXh9sr6BzaU+lxz2ZWLovpvkQzPO4i5aRkIKHegYjgpiiKX0uo3zExuXCaAl8RBg0yOLV3/JCsa07LvD7cPvzWA=='}
2023-07-28 20:23:46,297 DEBUG transport.py Принято сообщение с сервера: {'action': 'message', 'from': 'test1', 'to': 'test2', 'time': 1690554226.099951, 'mess_text': 'JnONN8i6nHiYjTJ8j4PmN9HLl+PLHgeinpMA7Z/hB6i+84zCMDI+TcOLGfaCNQHD0DM/7vd04KNapJwCUq2VmryCU714ZH+3c5WOogWinjhWdCaw2PauYmo8BV6W5rfHszA9+eUZ6o7WCUUKRkVc32e0x3P2vc3Jlc2dyyKzlHcBMnKqjoqiSPpnok3fURScc59ABG6kzOW36CrCdSqugdHWYu2NHVDLf9ptA+WTB5t9VzLLKrU9+XCK1iDyDB+AXh9sr6BzaU+lxz2ZWLovpvkQzPO4i5aRkIKHegYjgpiiKX0uo3zExuXCaAl8RBg0yOLV3/JCsa07LvD7cPvzWA=='}
2023-07-28 20:23:46,297 DEBUG transport.py Разбор сообщения от сервера: {'response': 200}
', 'from': 'test1', 'to': 'test2', 'time': 1690554226.099951, 'mess_text': 'JnONN8i6nHiYjTJ8j4PmN9HLl+PLHgeinpMA7Z/hB6i+84zCMDI+TcOLGfaCNQHD0DM/7vd04KNapJwCUq2VmryCU714ZH+3c5WOogWinjhWdCaw2PauYmo8BV6W5rfHszA9+eUZ6o7WCUUKRkVc32e0x3P2vc3Jlc2dyyKzlHcBMnKqjoqiSPpnok3fURScc59ABG6kzOW36CrCdSqugdHWYu2NHVDLf9ptA+WTB5t9VzLLKrU9+XCK1iDyDB+AXh9sr6BzaU+lxz2ZWLovpvkQzPO4i5aRkIKHegYjgpiiKX0uo3zExuXCaAl8RBg0yOLV3/JCsa07LvD7cPvzWA=='}
2023-07-28 20:23:46,298 DEBUG transport.py Получено сообщение от пользователя test1:JnONN8i6nHiYjTJ8j4PmN9HLl+PLHgeinpMA7Z/hB6i+84zCMDI+TcOLGfaCNQHD0DM/7vd04KNapJwCUq2VmryCU714ZH+3c5WOogWinjhWdCaw2PauYmo8BV6W5rfHszA9+eUZ6o7WCUUKRkVc32e0x3P2vc3Jlc2dyyKzlHcBMnKqjoqiSPpnok3fURScc59ABG6kzOW36CrCdSqugdHWYu2NHVDLf9ptA+WTB5t9VzLLKrU9+XCK1iDyDB+AXh9sr6BzaU+lxz2ZWLovpvkQzPO4i5aRkIKHegYjgpiiKX0uo3zExuXCaAl8RBg0yOLV3/JCsa07LvD7cPvzWA==
2023-07-28 20:23:46,311 DEBUG main_window.py Отправлено сообщение для test2: Привет!

2023-07-28 20:23:59,180 DEBUG transport.py Сформирован словарь сообщения: {'action': 'message', 'from': 'test2', 'to': 'test1', 'time': 1690554239.1801472, 'mess_text': 'KELWNmUTBpHtNhSLNBUNEqAFh+dgvUMBMCrHtGCigyBuyN7yl1IBsuURoYEEsUj1tGFkFDKefJH2OxsRELgbF3qzBXl1O/dQawY5kINQ0HGBHjEnbBS6pGPVOqgewEYWT8uIPhdYUw9Gj1dCToqR4DRptc8X1INdQID7ZnwI28uWwAT4AfdyUEHlJ1mv8UdIB2b+lkxrX6lJFIX7gxNCqpxrkOHuNwTXRPzUA0dDXPAJ9rQwnZ3EUk1AycvlSsDygroBzsOaewQoDGQ9MVZ7c/LWccdAwzuVvPCkSxWMrrcCeXl6yBu+O/WI7P4PeoLfp6fE20BF7UHmfOaFqMm0Jw=='}
2023-07-28 20:23:59,329 DEBUG transport.py Принято сообщение с сервера: {'action': 'message', 'from': 'test2', 'to': 'test1', 'time': 1690554239.1801472, 'mess_text': 'KELWNmUTBpHtNhSLNBUNEqAFh+dgvUMBMCrHtGCigyBuyN7yl1IBsuURoYEEsUj1tGFkFDKefJH2OxsRELgbF3qzBXl1O/dQawY5kINQ0HGBHjEnbBS6pGPVOqgewEYWT8uIPhdYUw9Gj1dCToqR4DRptc8X1INdQID7ZnwI28uWwAT4AfdyUEHlJ1mv8UdIB2b+lkxrX6lJFIX7gxNCqpxrkOHuNwTXRPzUA0dDXPAJ9rQwnZ3EUk1AycvlSsDygroBzsOaewQoDGQ9MVZ7c/LWccdAwzuVvPCkSxWMrrcCeXl6yBu+O/WI7P4PeoLfp6fE20BF7UHmfOaFqMm0Jw=='}
2023-07-28 20:23:59,329 DEBUG transport.py Разбор сообщения от сервера: {'action': 'message', 'from': 'test2', 'to': 'test1', 'time': 1690554239.1801472, 'mess_text': 'KELWNmUTBpHtNhSLNBUNEqAFh+dgvUMBMCrHtGCigyBuyN7yl1IBsuURoYEEsUj1tGFkFDKefJH2OxsRELgbF3qzBXl1O/dQawY5kINQ0HGBHjEnbBS6pGPVOqgewEYWT8uIPhdYUw9Gj1dCToqR4DRptc8X1INdQID7ZnwI28uWwAT4AfdyUEHlJ1mv8UdIB2b+lkxrX6lJFIX7gxNCqpxrkOHuNwTXRPzUA0dDXPAJ9rQwnZ3EUk1AycvlSsDygroBzsOaewQoDGQ9MVZ7c/LWccdAwzuVvPCkSxWMrrcCeXl6yBu+O/WI7P4PeoLfp6fE20BF7UHmfOaFqMm0Jw=='}
2023-07-28 20:23:59,329 DEBUG transport.py Разбор сообщения от сервера: {'response': 200}
2023-07-28 20:23:59,329 DEBUG transport.py Получено сообщение от пользователя test2:KELWNmUTBpHtNhSLNBUNEqAFh+dgvUMBMCrHtGCigyBuyN7yl1IBsuURoYEEsUj1tGFkFDKefJH2OxsRELgbF3qzBXl1O/dQawY5kINQ0HGBHjEnbBS6pGPVOqgewEYWT8uIPhdYUw9Gj1dCToqR4DRptc8X1INdQID7ZnwI28uWwAT4AfdyUEHlJ1mv8UdIB2b+lkxrX6lJFIX7gxNCqpxrkOHuNwTXRPzUA0dDXPAJ9rQwnZ3EUk1AycvlSsDygroBzsOaewQoDGQ9MVZ7c/LWccdAwzuVvPCkSxWMrrcCeXl6yBu+O/WI7P4PeoLfp6fE20BF7UHmfOaFqMm0Jw==
2023-07-28 20:23:59,329 INFO transport.py Отправлено сообщение для пользователя test1
2023-07-28 20:23:59,341 DEBUG main_window.py Отправлено сообщение для test1: Как дела?
2023-07-28 20:24:23,955 DEBUG transport.py Сформирован словарь сообщения: {'action': 'message', 'from': 'test2', 'to': 'test1', 'time': 1690554263.955482, 'mess_text': 'vwaDB3SgqBU7oOo+1lzGxMm3aSsXoaF9f5RLU8cNe9y7CK9uhrgLfiA9NMueYl1FKW1TYF/qbbOzDULU+GGx3G3c/Av2NcYmP8Lfhbi+yu9CGXyEABDKFxUN1ZWAL/iPaPGVG5AoxQf/m9p85xOmEqfgLXs7d0N69QDw7wZR64HdV3B/FcdiEQr6qml5SpEonIwi6tdYl6MJvEz1AlQCJnW4MgFbMmZkWNnsdiz3cvH61GhefqYlg7e1tTQHS0w0Fv4Mi1nPH2Fx+XL3ouKkk+YrN+/nt2kJpxdYpB8R0oCB+BQGjx7CtAYVbRnbaWLc1aO2bitEtskoRpoVd5c2ug=='}
2023-07-28 20:24:24,391 DEBUG transport.py Принято сообщение с сервера: {'action': 'message', 'from': 'test2', 'to': 'test1', 'time': 1690554263.955482, 'mess_text': 'vwaDB3SgqBU7oOo+1lzGxMm3aSsXoaF9f5RLU8cNe9y7CK9uhrgLfiA9NMueYl1FKW1TYF/qbbOzDULU+GGx3G3c/Av2NcYmP8Lfhbi+yu9CGXyEABDKFxUN1ZWAL/iPaPGVG5AoxQf/m9p85xOmEqfgLXs7d0N69QDw7wZR64HdV3B/FcdiEQr6qml5SpEonIwi6tdYl6MJvEz1AlQCJnW4MgFbMmZkWNnsdiz3cvH61GhefqYlg7e1tTQHS0w0Fv4Mi1nPH2Fx+XL3ouKkk+YrN+/nt2kJpxdYpB8R0oCB+BQGjx7CtAYVbRnbaWLc1aO2bitEtskoRpoVd5c2ug=='}
2023-07-28 20:24:24,391 DEBUG transport.py Разбор сообщения от сервера: {'action': 'message', 'from': 'test2', 'to': 'test1', 'time': 1690554263.955482, 'mess_text': 'vwaDB3SgqBU7oOo+1lzGxMm3aSsXoaF9f5RLU8cNe9y7CK9uhrgLfiA9NMueYl1FKW1TYF/qbbOzDULU+GGx3G3c/Av2NcYmP8Lfhbi+yu9CGXyEABDKFxUN1ZWAL/iPaPGVG5AoxQf/m9p85xOmEqfgLXs7d0N69QDw7wZR64HdV3B/FcdiEQr6qml5SpEonIwi6tdYl6MJvEz1AlQCJnW4MgFbMmZkWNnsdiz3cvH61GhefqYlg7e1tTQHS0w0Fv4Mi1nPH2Fx+XL3ouKkk+YrN+/nt2kJpxdYpB8R0oCB+BQGjx7CtAYVbRnbaWLc1aO2bitEtskoRpoVd5c2ug=='}
2023-07-28 20:24:24,391 DEBUG transport.py Получено сообщение от пользователя test2:vwaDB3SgqBU7oOo+1lzGxMm3aSsXoaF9f5RLU8cNe9y7CK9uhrgLfiA9NMueYl1FKW1TYF/qbbOzDULU+GGx3G3c/Av2NcYmP8Lfhbi+yu9CGXyEABDKFxUN1ZWAL/iPaPGVG5AoxQf/m9p85xOmEqfgLXs7d0N69QDw7wZR64HdV3B/FcdiEQr6qml5SpEonIwi6tdYl6MJvEz1AlQCJnW4MgFbMmZkWNnsdiz3cvH61GhefqYlg7e1tTQHS0w0Fv4Mi1nPH2Fx+XL3ouKkk+YrN+/nt2kJpxdYpB8R0oCB+BQGjx7CtAYVbRnbaWLc1aO2bitEtskoRpoVd5c2ug==
2023-07-28 20:24:24,391 INFO transport.py Отправлено сообщение для пользователя test1
2023-07-28 20:24:24,404 DEBUG main_window.py Отправлено сообщение для test1: Все хорошо. А у тебя?
2023-07-28 20:24:55,003 DEBUG transport.py Сформирован словарь сообщения: {'action': 'message', 'from': 'test1', 'to': 'test2', 'time': 1690554295.003641, 'mess_text': 'VMPdE0RkN/3IT6aasyfztPDrSgSrX3LDTztgACTE4saFl8lrPwDME1e+IOQJLALmCFMNqGlnoRxPDplX4zPsJWJG4UfudEt787OskBiQpGZZs9CceY8CheNDNvZVXIuPzIJn3Xr7ddKwrYpsdv8CtUHgubgIbU+1ZvO5Nx2eMKZVupSBjaaPFITry/8c1AsskIFo6jsC4H5ieb0CQiMIBGN7mQnhBrEQMLokBwFuZLdhglw/i7ljB+I+5jwQPAf6ajXMHWnO8jzNpNKgt+JbvtBHPTxcsJN5uYQcQgxpoSt7YTr1RkrLRieccC66/XKE2x8jHRww1sPnJU/70tLC8Q=='}
2023-07-28 20:24:55,462 DEBUG transport.py Разбор сообщения от сервера: {'response': 200}
2023-07-28 20:24:55,462 INFO transport.py Отправлено сообщение для пользователя test2
2023-07-28 20:24:55,475 DEBUG main_window.py Отправлено сообщение для test2: У меня все хорошо
2023-07-28 20:24:56,404 DEBUG transport.py Принято сообщение с сервера: {'action': 'message', 'from': 'test1', 'to': 'test2', 'time': 1690554295.003641, 'mess_text': 'VMPdE0RkN/3IT6aasyfztPDrSgSrX3LDTztgACTE4saFl8lrPwDME1e+IOQJLALmCFMNqGlnoRxPDplX4zPsJWJG4UfudEt787OskBiQpGZZs9CceY8CheNDNvZVXIuPzIJn3Xr7ddKwrYpsdv8CtUHgubgIbU+1ZvO5Nx2eMKZVupSBjaaPFITry/8c1AsskIFo6jsC4H5ieb0CQiMIBGN7mQnhBrEQMLokBwFuZLdhglw/i7ljB+I+5jwQPAf6ajXMHWnO8jzNpNKgt+JbvtBHPTxcsJN5uYQcQgxpoSt7YTr1RkrLRieccC66/XKE2x8jHRww1sPnJU/70tLC8Q=='}
2023-07-28 20:24:56,404 DEBUG transport.py Разбор сообщения от сервера: {'action': 'message', 'from': 'test1', 'to': 'test2', 'time': 1690554295.003641, 'mess_text': 'VMPdE0RkN/3IT6aasyfztPDrSgSrX3LDTztgACTE4saFl8lrPwDME1e+IOQJLALmCFMNqGlnoRxPDplX4zPsJWJG4UfudEt787OskBiQpGZZs9CceY8CheNDNvZVXIuPzIJn3Xr7ddKwrYpsdv8CtUHgubgIbU+1ZvO5Nx2eMKZVupSBjaaPFITry/8c1AsskIFo6jsC4H5ieb0CQiMIBGN7mQnhBrEQMLokBwFuZLdhglw/i7ljB+I+5jwQPAf6ajXMHWnO8jzNpNKgt+JbvtBHPTxcsJN5uYQcQgxpoSt7YTr1RkrLRieccC66/XKE2x8jHRww1sPnJU/70tLC8Q=='}
2023-07-28 20:24:56,404 DEBUG transport.py Получено сообщение от пользователя test1:VMPdE0RkN/3IT6aasyfztPDrSgSrX3LDTztgACTE4saFl8lrPwDME1e+IOQJLALmCFMNqGlnoRxPDplX4zPsJWJG4UfudEt787OskBiQpGZZs9CceY8CheNDNvZVXIuPzIJn3Xr7ddKwrYpsdv8CtUHgubgIbU+1ZvO5Nx2eMKZVupSBjaaPFITry/8c1AsskIFo6jsC4H5ieb0CQiMIBGN7mQnhBrEQMLokBwFuZLdhglw/i7ljB+I+5jwQPAf6ajXMHWnO8jzNpNKgt+JbvtBHPTxcsJN5uYQcQgxpoSt7YTr1RkrLRieccC66/XKE2x8jHRww1sPnJU/70tLC8Q==
2023-07-28 20:26:18,978 DEBUG transport.py Сформирован словарь сообщения: {'action': 'message', 'from': 'test1', 'to': 'test2', 'time': 1690554378.9781523, 'mess_text': 'WpBrS3bf9XyNG/Mcg87KGwPHFUFUSCJm0moHni8HsvZwS3L8yL3ZldZ/YQFILyKpwsZBym3UL7rFnIwz7a2NG7f2ASCV794Utz/7I/1R4flHaun+3zyqVEi7brWBgrcHLgewb1vdvu3O9VRhbGxbQiGFbPwrPRV9v2zwlgTiceICffJsR9vH05UX+CjKVJwOb6an5vheyfBDDfQO3Up+41pCY9xdg4FX6ojhYjhbfacIyH3tDWRL3irTx2LPK4XhSF3KdPU4taOJ99ddn1kd8NxFPA6gCWjzDy0hvQbz0JnsX4+7YLAAJAZdUDCEcbCHJixSNOGBUkhFIY4ceIs2cw=='}
2023-07-28 20:26:19,169 DEBUG transport.py Разбор сообщения от сервера: {'response': 200}
2023-07-28 20:26:19,169 INFO transport.py Отправлено сообщение для пользователя test2
2023-07-28 20:26:19,183 DEBUG main_window.py Отправлено сообщение для test2: Пока.
2023-07-28 20:26:20,044 DEBUG transport.py Принято сообщение с сервера: {'action': 'message', 'from': 'test1', 'to': 'test2', 'time': 1690554378.9781523, 'mess_text': 'WpBrS3bf9XyNG/Mcg87KGwPHFUFUSCJm0moHni8HsvZwS3L8yL3ZldZ/YQFILyKpwsZBym3UL7rFnIwz7a2NG7f2ASCV794Utz/7I/1R4flHaun+3zyqVEi7brWBgrcHLgewb1vdvu3O9VRhbGxbQiGFbPwrPRV9v2zwlgTiceICffJsR9vH05UX+CjKVJwOb6an5vheyfBDDfQO3Up+41pCY9xdg4FX6ojhYjhbfacIyH3tDWRL3irTx2LPK4XhSF3KdPU4taOJ99ddn1kd8NxFPA6gCWjzDy0hvQbz0JnsX4+7YLAAJAZdUDCEcbCHJixSNOGBUkhFIY4ceIs2cw=='}
2023-07-28 20:26:20,044 DEBUG transport.py Разбор сообщения от сервера: {'action': 'message', 'from': 'test1', 'to': 'test2', 'time': 1690554378.9781523, 'mess_text': 'WpBrS3bf9XyNG/Mcg87KGwPHFUFUSCJm0moHni8HsvZwS3L8yL3ZldZ/YQFILyKpwsZBym3UL7rFnIwz7a2NG7f2ASCV794Utz/7I/1R4flHaun+3zyqVEi7brWBgrcHLgewb1vdvu3O9VRhbGxbQiGFbPwrPRV9v2zwlgTiceICffJsR9vH05UX+CjKVJwOb6an5vheyfBDDfQO3Up+41pCY9xdg4FX6ojhYjhbfacIyH3tDWRL3irTx2LPK4XhSF3KdPU4taOJ99ddn1kd8NxFPA6gCWjzDy0hvQbz0JnsX4+7YLAAJAZdUDCEcbCHJixSNOGBUkhFIY4ceIs2cw=='}
2023-07-28 20:26:20,044 DEBUG transport.py Получено сообщение от пользователя test1:WpBrS3bf9XyNG/Mcg87KGwPHFUFUSCJm0moHni8HsvZwS3L8yL3ZldZ/YQFILyKpwsZBym3UL7rFnIwz7a2NG7f2ASCV794Utz/7I/1R4flHaun+3zyqVEi7brWBgrcHLgewb1vdvu3O9VRhbGxbQiGFbPwrPRV9v2zwlgTiceICffJsR9vH05UX+CjKVJwOb6an5vheyfBDDfQO3Up+41pCY9xdg4FX6ojhYjhbfacIyH3tDWRL3irTx2LPK4XhSF3KdPU4taOJ99ddn1kd8NxFPA6gCWjzDy0hvQbz0JnsX4+7YLAAJAZdUDCEcbCHJixSNOGBUkhFIY4ceIs2cw==
2023-07-28 20:26:35,450 DEBUG transport.py Сформирован словарь сообщения: {'action': 'message', 'from': 'test2', 'to': 'test1', 'time': 1690554395.4501615, 'mess_text': 'uODV98dL4leF12Nn/QXYoYPhCLcj61rfebCdUo6jbxBwwK7nVNXEvgbtobhR/SMMrtd6caTgbx5E1Wp1hy6glBKNtzOlRJ+DOiB8VvIumK2amdbPWFz9/tI07buhVEZg8cPNX5BQuov2iARYT80JpyHg1qPIAmlCyFmKMJNjKsFGOuiTbCZj4pWjtHYzil+a/saATlsLQUAYiAUJ/kh+cNBAKQNv+kZwYCde5oSl4lDEMEgK2Qbmin4Vwl+Xc6oURIoVz1gN+odou/zn2s0yuv+sNiKPwMimZ3rcdg4vwsC+E/tcKMFZ2o8bYnwicisb8W+T/k24lnLpG9seUAqbQQ=='}
2023-07-28 20:26:35,718 DEBUG transport.py Разбор сообщения от сервера: {'response': 200}
2023-07-28 20:26:35,718 INFO transport.py Отправлено сообщение для пользователя test1
2023-07-28 20:26:35,731 DEBUG main_window.py Отправлено сообщение для test1: Всего хорошего
2023-07-28 20:26:36,089 DEBUG transport.py Принято сообщение с сервера: {'action': 'message', 'from': 'test2', 'to': 'test1', 'time': 1690554395.4501615, 'mess_text': 'uODV98dL4leF12Nn/QXYoYPhCLcj61rfebCdUo6jbxBwwK7nVNXEvgbtobhR/SMMrtd6caTgbx5E1Wp1hy6glBKNtzOlRJ+DOiB8VvIumK2amdbPWFz9/tI07buhVEZg8cPNX5BQuov2iARYT80JpyHg1qPIAmlCyFmKMJNjKsFGOuiTbCZj4pWjtHYzil+a/saATlsLQUAYiAUJ/kh+cNBAKQNv+kZwYCde5oSl4lDEMEgK2Qbmin4Vwl+Xc6oURIoVz1gN+odou/zn2s0yuv+sNiKPwMimZ3rcdg4vwsC+E/tcKMFZ2o8bYnwicisb8W+T/k24lnLpG9seUAqbQQ=='}
2023-07-28 20:26:36,089 DEBUG transport.py Разбор сообщения от сервера: {'action': 'message', 'from': 'test2', 'to': 'test1', 'time': 1690554395.4501615, 'mess_text': 'uODV98dL4leF12Nn/QXYoYPhCLcj61rfebCdUo6jbxBwwK7nVNXEvgbtobhR/SMMrtd6caTgbx5E1Wp1hy6glBKNtzOlRJ+DOiB8VvIumK2amdbPWFz9/tI07buhVEZg8cPNX5BQuov2iARYT80JpyHg1qPIAmlCyFmKMJNjKsFGOuiTbCZj4pWjtHYzil+a/saATlsLQUAYiAUJ/kh+cNBAKQNv+kZwYCde5oSl4lDEMEgK2Qbmin4Vwl+Xc6oURIoVz1gN+odou/zn2s0yuv+sNiKPwMimZ3rcdg4vwsC+E/tcKMFZ2o8bYnwicisb8W+T/k24lnLpG9seUAqbQQ=='}
2023-07-28 20:26:36,090 DEBUG transport.py Получено сообщение от пользователя test2:uODV98dL4leF12Nn/QXYoYPhCLcj61rfebCdUo6jbxBwwK7nVNXEvgbtobhR/SMMrtd6caTgbx5E1Wp1hy6glBKNtzOlRJ+DOiB8VvIumK2amdbPWFz9/tI07buhVEZg8cPNX5BQuov2iARYT80JpyHg1qPIAmlCyFmKMJNjKsFGOuiTbCZj4pWjtHYzil+a/saATlsLQUAYiAUJ/kh+cNBAKQNv+kZwYCde5oSl4lDEMEgK2Qbmin4Vwl+Xc6oURIoVz1gN+odou/zn2s0yuv+sNiKPwMimZ3rcdg4vwsC+E/tcKMFZ2o8bYnwicisb8W+T/k24lnLpG9seUAqbQQ==
2023-07-30 21:53:20,282 DEBUG client.py Была вызвана функция arg_parser c параметрами (), {}. Вызов из модуля __main__
2023-07-30 21:53:20,285 DEBUG client.py Args loaded
2023-07-30 21:53:20,289 DEBUG client.py Была вызвана функция arg_parser c параметрами (), {}. Вызов из модуля __main__
2023-07-30 21:53:20,293 DEBUG client.py Args loaded
2023-07-30 21:53:20,798 INFO client.py Запущен клиент с парамертами: адрес сервера: 127.0.0.1, порт: 7777, имя пользователя: test2
2023-07-30 21:53:20,826 INFO client.py Запущен клиент с парамертами: адрес сервера: 127.0.0.1, порт: 7777, имя пользователя: test1
2023-07-30 21:53:20,928 DEBUG client.py Keys sucsessfully loaded.
2023-07-30 21:53:20,948 DEBUG client.py Keys sucsessfully loaded.
2023-07-30 21:53:20,969 INFO transport.py Попытка подключения №1
2023-07-30 21:53:20,970 DEBUG transport.py Connection established.
2023-07-30 21:53:20,970 DEBUG transport.py Установлено соединение с сервером
2023-07-30 21:53:20,985 DEBUG transport.py Passwd hash ready: b'6c95daf460f03d00239959faac8387d157dafbe382cd684426a295cd37fbcb0e4d874cae7b07017717c8acaff862f6241d4eaeea2366f6a7b5076a8c72035cd6'
2023-07-30 21:53:20,985 DEBUG transport.py Presense message = {'action': 'presence', 'time': 1690732400.9856806, 'user': {'account_name': 'test2', 'pubkey': '-----BEGIN PUBLIC KEY-----\nMIIBIjANBgkqhkiG9w0BAQEFAAOCAQ8AMIIBCgKCAQEAtFjTsK5TmEo+mB6hhiia\n8ay0Eg4LpC+fZ5/1C2ZxtBTeRzIfgCRfpl+Sc/jo1WMx9nn8UDIoHUstGEbkI8S/\nz7/nE6a1GglMfbSwRvQNu/G9NQP91rPDD7iU2PqpgCrn5gbvHCP96Ft1AxoVK3m3\n+feFbOhPKKgVZTqj479BmMHnQb0nEk+XlqrAcl5kEcK+ovsV5HFrnK+g71N3uGuu\neCULSK+hTZ7xAfFBjZuXxNI+bKeS0RkhUmc1WNpke4RVj3bNWvetoupNov66y9QT\n3AtyDpnHXyFzhOmeT0FcpJKtfRM7ObvZM0JT7XdeIQrzqnve7ZeJwRR1oQRksc5X\n/QIDAQAB\n-----END PUBLIC KEY-----'}}
2023-07-30 21:53:20,993 INFO transport.py Попытка подключения №1
2023-07-30 21:53:20,993 DEBUG transport.py Connection established.
2023-07-30 21:53:20,993 DEBUG transport.py Установлено соединение с сервером
2023-07-30 21:53:21,001 DEBUG transport.py Server response = {'response': 511, 'bin': 'c6655c4fc4c12198591eab5eb0c1e43e4b7c8e76127f0eb84c97abc484cf28b1b17fa46fcc7e5817761ee39965b7e2f78a0d6c8bc793d53c80dc4d51c3308732'}.
2023-07-30 21:53:21,002 DEBUG transport.py Разбор сообщения от сервера: {'response': 200}
2023-07-30 21:53:21,002 DEBUG transport.py Запрос списка известных пользователей test2
2023-07-30 21:53:21,014 DEBUG transport.py Passwd hash ready: b'49b70501d4d72ff5522a79cf779df86656a057282ac9ab564efb80fcba4fbc484bedcf52b3fb233d9b7b91337becc542ec3256a0269deddfedbce7275f44a781'
2023-07-30 21:53:21,015 DEBUG transport.py Presense message = {'action': 'presence', 'time': 1690732401.0156236, 'user': {'account_name': 'test1', 'pubkey': '-----BEGIN PUBLIC KEY-----\nMIIBIjANBgkqhkiG9w0BAQEFAAOCAQ8AMIIBCgKCAQEA18dZuLHe3dQGByZOIFg5\n2uGMRQeSYqA0HwPSTn9i5wCTTRW51bstb07NXqHnUhGzVG7LpC6WhvNgHvPNYdyc\nC94XlC1bfdjwYU2QOvV42bMr+GdEwjuPGvIPbgBD+OUPQkJBTlnuf4sO1NpXhEgS\nvL+BXONCP9vklAJPvW67IrwP59qz2v4qKeFC9Bnjaa5ovbDlxEzAbF9Q4fJuT0rg\njKwPT4o2+pkDln/ear70XPLaMPLzHMaQB1KBsU53PiZEIiJi6uIlguK8YQwjcFbh\nBtar3j8CiTSUKFZ+0ilhh41u8WnN9C9hjK0QESZMM/JIRXf8EFH5A4iBSEDzHGYg\n9wIDAQAB\n-----END PUBLIC KEY-----'}}
2023-07-30 21:53:21,533 DEBUG transport.py Server response = {'response': 511, 'bin': 'fe72442dc40c01a9ce3cf58c956d2c78528db4b350f7970dd73045038cdd66c34e2c636b24c7a3130e0ea9865cf3a87c6dba9ce4898bede70ef04750277901af'}.
2023-07-30 21:53:21,534 DEBUG transport.py Разбор сообщения от сервера: {'response': 200}
2023-07-30 21:53:21,534 DEBUG transport.py Запрос списка известных пользователей test1
2023-07-30 21:53:21,549 DEBUG transport.py Запрос контакт листа для пользователся Thread-1
2023-07-30 21:53:21,549 DEBUG transport.py Сформирован запрос {'action': 'get_contacts', 'time': 1690732401.5498297, 'user': 'test2'}
2023-07-30 21:53:22,065 DEBUG transport.py Получен ответ {'response': 202, 'data_list': ['test1']}
2023-07-30 21:53:22,094 DEBUG client.py Transport ready.
2023-07-30 21:53:22,095 DEBUG transport.py Запущен процесс - приёмник собщений с сервера.
2023-07-30 21:53:22,103 DEBUG transport.py Запрос контакт листа для пользователся Thread-1
2023-07-30 21:53:22,104 DEBUG transport.py Сформирован запрос {'action': 'get_contacts', 'time': 1690732402.1044261, 'user': 'test1'}
2023-07-30 21:53:22,574 DEBUG transport.py Получен ответ {'response': 202, 'data_list': ['test2']}
2023-07-30 21:53:22,596 DEBUG client.py Transport ready.
2023-07-30 21:53:22,597 DEBUG transport.py Запущен процесс - приёмник собщений с сервера.
2023-07-30 21:53:29,390 DEBUG transport.py Запрос публичного ключа для test1
2023-07-30 21:53:30,083 DEBUG main_window.py Загружен открытый ключ для test1
2023-07-30 21:53:34,501 DEBUG transport.py Запрос публичного ключа для test2
2023-07-30 21:53:35,089 DEBUG main_window.py Загружен открытый ключ для test2
2023-07-30 21:53:55,630 DEBUG transport.py Транспорт завершает работу.
2023-07-30 21:53:56,709 DEBUG transport.py Транспорт завершает работу.
2023-07-30 21:53:57,639 DEBUG transport.py Потеряно соединение с сервером.
